Command line:
"travis"


  ________                                 __
 /        |                               /  |
 ########/ ______    ______    __     __  ##/    _______
    ## |  /      \  /      \  /  \   /  | /  |  /       |
    ## | /######  | ######  | ##  \ /##/  ## | /#######/
    ## | ## |  ##/  /    ## |  ##  /##/   ## | ##      \
    ## | ## |      /####### |   ## ##/    ## |  ######  |
    ## | ## |      ##    ## |    ###/     ## | /     ##/
    ##/  ##/        #######/      #/      ##/  #######/

    TRajectory Analyzer and VISualizer  -  Open-source free software under GNU GPL v3

    Copyright (c) Martin Brehm      (2009-2021), University of Halle (Saale)
                  Martin Thomas     (2012-2021)
                  Sascha Gehrke     (2016-2021), University of Bonn
                  Barbara Kirchner  (2009-2021), University of Bonn

    http://www.travis-analyzer.de

    Please cite: J. Chem. Phys. 2020, 152 (16), 164105.         (DOI 10.1063/5.0005078 )
                 J. Chem. Inf. Model. 2011, 51 (8), 2007-2023.  (DOI 10.1021/ci200217w )

    There is absolutely no warranty on any results obtained from TRAVIS.

 #  Running on dennis-virtual-machine at Mon May  9 14:55:29 2022 (PID 14070)
 #  Running in /home/dennis/Desktop/api
 #  Version: May 21 2021, built at Sep 15 2021, 23:00:11, compiler "11.2.0", GCC 11.2.0
 #  Target platform: Linux, __cplusplus=201703L, Compile flags: NEW_CHARGEVAR DEBUG_ARRAYS 
 #  Compiled with OpenMP, but USE_OMP not switched on in "config.h"!
 #  Machine: x86_64, int=4b, long=8b, addr=8b, 0xA0B0C0D0=D0,C0,B0,A0.
 #  Home: /home/dennis,  Executable: /usr/bin/travis
 #  Input from terminal,  Output to terminal

    >>> Please use a color scheme with dark background or specify "-nocolor"! <<<

    Loading configuration from /home/dennis/.travis.conf ...

[Renaming existing File input.txt to #3#input.txt ...OK.]
    No trajectory file specified.
    Please use the "-p" flag to specify an input trajectory in the command line.

    Enter the file name of the trajectory file to open: [Quit] 

*** SIGINT caught: Hard interrupt by user ***
Stopping execution.
Decoding line numbers... ("addr2line <addr> -f -i -C -e /usr/bin/travis")
 # 13 - [0x555e518b0616] 
 # 12 - [0x555e518b0aa1] 
 # 11 - [0x7f0e662fc520] 
 # 10 - [0x7f0e663ce990] 
 #  9 - [0x7f0e66346cb6] 
 #  8 - [0x7f0e66347e16] 
 #  7 - [0x7f0e6633a49c] 
 #  6 - [0x7f0e66339490] 
 #  5 - [0x555e51a59fdf] 
 #  4 - [0x555e5189700a] 
 #  3 - [0x7f0e662e3d90] 
 #  2 - [0x7f0e662e3e40] 
 #  1 - [0x555e518aa6b5] 
Delivering control to operating system.
